SF:lib\core\utils.dart
DA:2,2
DA:3,2
DA:4,4
DA:5,2
LF:4
LH:4
end_of_record
SF:lib\features\data_query_feature\data\models\album_info_model.dart
DA:11,1
DA:16,1
DA:18,0
DA:19,0
DA:21,0
DA:24,0
DA:25,0
DA:26,0
DA:27,0
DA:28,0
DA:29,0
LF:11
LH:2
end_of_record
SF:lib\features\data_query_feature\domain\entities\album_info.dart
DA:9,4
DA:15,0
DA:16,0
DA:18,0
LF:4
LH:1
end_of_record
SF:lib\features\data_query_feature\data\models\playlist_info_model.dart
DA:10,1
DA:12,1
DA:14,0
DA:15,0
DA:17,0
DA:20,0
DA:21,0
DA:22,0
DA:23,0
DA:24,0
LF:10
LH:2
end_of_record
SF:lib\features\data_query_feature\data\models\song_info_model.dart
DA:20,2
DA:29,2
DA:39,0
DA:40,0
DA:42,0
DA:45,0
DA:46,0
DA:47,0
DA:48,0
DA:49,0
DA:50,0
DA:51,0
DA:52,0
DA:53,0
DA:54,0
LF:15
LH:2
end_of_record
SF:lib\features\data_query_feature\domain\entities\playlist_info.dart
DA:8,7
DA:11,0
DA:12,0
DA:14,0
LF:4
LH:1
end_of_record
SF:lib\features\data_query_feature\domain\entities\song_info.dart
DA:19,9
DA:29,0
DA:30,0
DA:32,0
LF:4
LH:1
end_of_record
SF:lib\core\error\failures.dart
DA:5,1
DA:6,1
DA:7,2
DA:11,2
DA:15,2
DA:19,2
DA:23,2
LF:7
LH:7
end_of_record
SF:lib\features\data_query_feature\domain\usecases\add_song_to_playlist.dart
DA:6,1
DA:8,1
DA:12,3
LF:3
LH:3
end_of_record
SF:lib\features\data_query_feature\data\repositories\audio_query_repository_impl.dart
DA:13,1
DA:16,1
DA:19,3
DA:23,1
DA:24,1
DA:25,2
DA:26,1
DA:27,2
DA:32,1
DA:36,3
DA:37,1
DA:38,1
DA:39,2
DA:44,1
DA:46,3
DA:47,1
DA:48,1
DA:49,2
DA:50,1
DA:51,2
DA:56,1
DA:58,3
DA:59,1
DA:60,1
DA:61,1
DA:62,2
DA:63,1
DA:64,2
DA:69,1
DA:72,3
DA:74,1
DA:75,1
DA:76,1
DA:77,2
DA:78,1
DA:79,2
DA:84,1
DA:86,3
DA:87,1
DA:88,1
DA:89,1
DA:90,2
DA:91,1
DA:92,2
DA:97,1
DA:99,3
DA:100,1
DA:101,1
DA:102,2
DA:103,1
DA:104,2
DA:109,1
DA:113,3
DA:114,1
DA:115,1
DA:116,1
DA:117,2
DA:118,1
DA:119,2
DA:124,1
DA:128,3
DA:129,1
DA:130,1
DA:131,1
DA:132,2
DA:133,1
DA:134,2
DA:139,1
DA:142,4
DA:143,1
DA:144,2
DA:149,1
DA:152,4
DA:154,1
DA:155,2
DA:156,1
DA:157,2
DA:158,1
DA:159,2
DA:164,1
DA:168,3
DA:169,1
DA:170,1
DA:171,1
DA:172,2
DA:173,1
DA:174,2
DA:179,1
DA:183,3
DA:184,1
DA:185,1
DA:186,1
DA:187,2
DA:188,1
DA:189,2
LF:95
LH:95
end_of_record
SF:lib\features\data_query_feature\domain\usecases\create_playlist.dart
DA:6,1
DA:8,1
DA:11,3
LF:3
LH:3
end_of_record
SF:lib\features\data_query_feature\domain\usecases\get_album.dart
DA:6,1
DA:8,1
DA:11,3
LF:3
LH:3
end_of_record
SF:lib\features\data_query_feature\domain\usecases\get_all_albums.dart
DA:6,1
DA:8,1
DA:9,3
LF:3
LH:3
end_of_record
SF:lib\features\data_query_feature\domain\usecases\get_all_playlists.dart
DA:6,1
DA:8,1
DA:9,3
LF:3
LH:3
end_of_record
SF:lib\features\data_query_feature\domain\usecases\get_all_songs.dart
DA:6,1
DA:8,1
DA:9,3
LF:3
LH:3
end_of_record
SF:lib\features\data_query_feature\domain\usecases\get_songs_by_album.dart
DA:6,1
DA:8,1
DA:11,3
LF:3
LH:3
end_of_record
SF:lib\features\data_query_feature\domain\usecases\get_songs_by_playlist.dart
DA:6,1
DA:8,1
DA:11,3
LF:3
LH:3
end_of_record
SF:lib\features\data_query_feature\domain\usecases\get_song.dart
DA:6,1
DA:8,1
DA:11,3
LF:3
LH:3
end_of_record
SF:lib\features\data_query_feature\domain\usecases\remove_playlist.dart
DA:6,1
DA:8,1
DA:11,3
LF:3
LH:3
end_of_record
SF:lib\features\data_query_feature\domain\usecases\remove_song_to_playlist.dart
DA:6,1
DA:8,1
DA:12,3
LF:3
LH:3
end_of_record
SF:lib\features\data_query_feature\domain\usecases\search_all_albums.dart
DA:6,1
DA:8,1
DA:11,3
LF:3
LH:3
end_of_record
SF:lib\features\data_query_feature\domain\usecases\search_all_songs.dart
DA:6,1
DA:8,1
DA:11,3
LF:3
LH:3
end_of_record
