SF:lib\core\utils.dart
DA:5,2
DA:6,2
DA:7,4
DA:8,2
DA:13,0
DA:14,0
DA:15,0
DA:16,0
DA:20,0
DA:21,0
DA:22,0
DA:26,0
DA:27,0
DA:28,0
LF:14
LH:4
end_of_record
SF:lib\features\data_query_feature\data\models\album_info_model.dart
DA:11,1
DA:16,1
DA:18,0
DA:19,0
DA:21,0
DA:24,0
DA:25,0
DA:26,0
DA:27,0
DA:28,0
DA:29,0
LF:11
LH:2
end_of_record
SF:lib\features\data_query_feature\domain\entities\album_info.dart
DA:9,5
DA:15,1
DA:16,2
DA:18,1
LF:4
LH:4
end_of_record
SF:lib\features\data_query_feature\data\models\playlist_info_model.dart
DA:10,1
DA:12,1
DA:14,0
DA:15,0
DA:17,0
DA:20,0
DA:21,0
DA:22,0
DA:23,0
DA:24,0
LF:10
LH:2
end_of_record
SF:lib\features\data_query_feature\data\models\song_info_model.dart
DA:21,2
DA:30,2
DA:40,0
DA:41,0
DA:43,0
DA:46,0
DA:47,0
DA:48,0
DA:49,0
DA:50,0
DA:51,0
DA:52,0
DA:53,0
DA:54,0
DA:55,0
LF:15
LH:2
end_of_record
SF:lib\features\data_query_feature\domain\entities\playlist_info.dart
DA:8,9
DA:11,0
DA:12,0
DA:14,0
LF:4
LH:1
end_of_record
SF:lib\features\data_query_feature\domain\entities\song_info.dart
DA:19,10
DA:29,1
DA:30,2
DA:32,1
LF:4
LH:4
end_of_record
SF:lib\core\error\failures.dart
DA:10,4
DA:11,1
DA:12,2
DA:16,8
DA:20,2
DA:24,4
DA:28,2
LF:7
LH:7
end_of_record
SF:lib\features\data_query_feature\domain\usecases\add_song_to_playlist.dart
DA:6,1
DA:8,1
DA:12,3
LF:3
LH:3
end_of_record
SF:lib\features\data_query_feature\data\repositories\audio_query_repository_impl.dart
DA:13,1
DA:16,1
DA:19,4
DA:23,1
DA:24,2
DA:25,1
DA:26,2
DA:31,1
DA:35,3
DA:36,1
DA:37,1
DA:38,2
DA:43,1
DA:45,3
DA:46,1
DA:47,1
DA:48,2
DA:53,1
DA:55,3
DA:56,1
DA:57,1
DA:58,1
DA:59,2
DA:64,1
DA:67,3
DA:69,1
DA:70,1
DA:71,1
DA:72,2
DA:77,1
DA:79,3
DA:80,1
DA:81,1
DA:82,1
DA:83,2
DA:88,1
DA:90,3
DA:91,1
DA:92,1
DA:93,2
DA:98,1
DA:102,3
DA:103,1
DA:104,1
DA:105,1
DA:106,2
DA:111,1
DA:115,3
DA:116,1
DA:117,1
DA:118,1
DA:119,2
DA:124,1
DA:127,4
DA:128,1
DA:129,2
DA:134,1
DA:137,4
DA:139,1
DA:140,2
DA:141,1
DA:142,2
DA:147,1
DA:151,3
DA:152,1
DA:153,1
DA:154,1
DA:155,2
DA:160,1
DA:164,3
DA:165,1
DA:166,1
DA:167,1
DA:168,2
LF:74
LH:74
end_of_record
SF:lib\features\data_query_feature\domain\usecases\get_album.dart
DA:6,1
DA:8,1
DA:11,3
LF:3
LH:3
end_of_record
SF:lib\features\data_query_feature\domain\usecases\create_playlist.dart
DA:6,1
DA:8,1
DA:11,3
LF:3
LH:3
end_of_record
SF:lib\features\data_query_feature\domain\usecases\get_all_albums.dart
DA:6,1
DA:8,1
DA:9,3
LF:3
LH:3
end_of_record
SF:lib\features\data_query_feature\domain\usecases\get_all_playlists.dart
DA:6,1
DA:8,1
DA:9,3
LF:3
LH:3
end_of_record
SF:lib\features\data_query_feature\domain\usecases\get_all_songs.dart
DA:6,1
DA:8,1
DA:9,3
LF:3
LH:3
end_of_record
SF:lib\features\data_query_feature\domain\usecases\get_songs_by_playlist.dart
DA:6,1
DA:8,1
DA:11,3
LF:3
LH:3
end_of_record
SF:lib\features\data_query_feature\domain\usecases\get_songs_by_album.dart
DA:6,1
DA:8,1
DA:11,3
LF:3
LH:3
end_of_record
SF:lib\features\data_query_feature\domain\usecases\get_song.dart
DA:6,1
DA:8,1
DA:11,3
LF:3
LH:3
end_of_record
SF:lib\features\data_query_feature\domain\usecases\remove_playlist.dart
DA:6,1
DA:8,1
DA:11,3
LF:3
LH:3
end_of_record
SF:lib\features\data_query_feature\domain\usecases\remove_song_to_playlist.dart
DA:6,1
DA:8,1
DA:12,3
LF:3
LH:3
end_of_record
SF:lib\features\data_query_feature\domain\usecases\search_all_albums.dart
DA:6,1
DA:8,1
DA:11,3
LF:3
LH:3
end_of_record
SF:lib\features\data_query_feature\domain\usecases\search_all_songs.dart
DA:6,1
DA:8,1
DA:11,3
LF:3
LH:3
end_of_record
SF:lib\features\data_query_feature\presentation\bloc\album\album_info_event.dart
DA:7,1
DA:12,1
DA:17,1
LF:3
LH:3
end_of_record
SF:lib\features\data_query_feature\presentation\bloc\album\album_info_state.dart
DA:6,1
DA:8,0
DA:9,0
DA:11,0
DA:13,1
DA:14,2
DA:23,1
DA:24,2
DA:31,1
DA:32,2
LF:10
LH:7
end_of_record
SF:lib\features\data_query_feature\presentation\bloc\album\album_info_bloc.dart
DA:16,1
DA:17,2
DA:20,1
DA:23,1
DA:24,1
DA:25,3
DA:26,1
DA:27,3
DA:28,1
DA:29,3
DA:33,1
DA:34,4
DA:35,2
DA:38,1
DA:39,3
DA:40,2
DA:43,1
DA:44,4
DA:45,3
DA:46,3
DA:47,1
DA:48,3
DA:52,1
DA:54,3
DA:55,3
DA:56,1
DA:57,2
DA:61,1
DA:62,2
DA:63,2
LF:30
LH:30
end_of_record
SF:lib\features\data_query_feature\presentation\bloc\song\song_info_event.dart
DA:8,1
DA:13,1
DA:17,1
DA:23,1
DA:29,1
DA:34,1
DA:39,1
LF:7
LH:7
end_of_record
SF:lib\features\data_query_feature\presentation\bloc\song\song_info_state.dart
DA:6,1
DA:8,0
DA:9,0
DA:11,0
DA:13,1
DA:14,2
DA:23,1
DA:24,2
DA:31,1
DA:32,2
LF:10
LH:7
end_of_record
SF:lib\features\data_query_feature\presentation\bloc\song\song_info_bloc.dart
DA:20,1
DA:28,2
DA:31,1
DA:34,1
DA:35,1
DA:36,3
DA:37,1
DA:38,3
DA:39,3
DA:40,1
DA:41,4
DA:42,3
DA:43,1
DA:44,4
DA:45,1
DA:46,3
DA:47,2
DA:48,4
DA:49,1
DA:50,3
DA:51,2
DA:52,4
DA:53,1
DA:54,4
DA:55,3
DA:59,1
DA:61,3
DA:62,3
DA:63,1
DA:64,3
DA:68,1
DA:70,3
DA:71,3
DA:74,1
DA:76,3
DA:77,3
DA:78,1
DA:79,2
DA:83,1
DA:84,4
DA:85,3
DA:86,3
DA:87,1
DA:88,3
DA:92,1
DA:93,2
DA:94,2
LF:47
LH:47
end_of_record
SF:lib\features\data_query_feature\presentation\bloc\playlist\playlist_info_state.dart
DA:6,1
DA:8,1
DA:9,3
DA:11,0
DA:13,1
DA:14,2
DA:23,1
DA:24,2
DA:31,1
DA:32,2
LF:10
LH:9
end_of_record
SF:lib\features\data_query_feature\presentation\bloc\playlist\playlist_info_bloc.dart
DA:16,1
DA:18,2
DA:21,1
DA:24,1
DA:25,1
DA:26,3
DA:27,1
DA:28,3
DA:29,1
DA:30,3
DA:34,1
DA:35,3
DA:36,3
DA:37,3
DA:38,1
DA:39,2
DA:43,1
DA:44,4
DA:45,2
DA:46,1
DA:47,3
DA:49,0
DA:50,0
DA:55,1
DA:56,4
DA:57,2
DA:58,1
DA:59,3
DA:61,1
DA:62,3
DA:63,1
DA:64,2
DA:69,1
DA:70,2
DA:71,2
LF:35
LH:33
end_of_record
SF:lib\features\data_query_feature\presentation\bloc\playlist\playlist_info_event.dart
DA:7,1
DA:12,1
DA:17,1
LF:3
LH:3
end_of_record
